mode: set
github.com/Ryanljk/speedcardgame/cards/services/card.service.go:25.57,28.67 1 1
github.com/Ryanljk/speedcardgame/cards/services/card.service.go:28.67,31.3 2 1
github.com/Ryanljk/speedcardgame/cards/services/card.service.go:36.2,48.54 2 1
github.com/Ryanljk/speedcardgame/cards/services/card.service.go:48.54,51.3 2 1
github.com/Ryanljk/speedcardgame/cards/services/card.service.go:54.2,55.56 2 1
github.com/Ryanljk/speedcardgame/cards/services/card.service.go:55.56,58.3 2 0
github.com/Ryanljk/speedcardgame/cards/services/card.service.go:62.56,66.72 2 1
github.com/Ryanljk/speedcardgame/cards/services/card.service.go:66.72,69.3 2 1
github.com/Ryanljk/speedcardgame/cards/services/card.service.go:72.2,73.57 2 1
github.com/Ryanljk/speedcardgame/cards/services/card.service.go:73.57,76.3 2 0
github.com/Ryanljk/speedcardgame/cards/services/card.service.go:80.57,85.67 1 1
github.com/Ryanljk/speedcardgame/cards/services/card.service.go:85.67,88.3 2 1
github.com/Ryanljk/speedcardgame/cards/services/card.service.go:91.2,95.58 3 1
github.com/Ryanljk/speedcardgame/cards/services/card.service.go:95.58,98.3 2 1
github.com/Ryanljk/speedcardgame/cards/services/card.service.go:101.2,101.26 1 1
github.com/Ryanljk/speedcardgame/cards/services/card.service.go:101.26,103.3 1 1
github.com/Ryanljk/speedcardgame/cards/services/card.service.go:103.8,103.33 1 1
github.com/Ryanljk/speedcardgame/cards/services/card.service.go:103.33,105.3 1 1
github.com/Ryanljk/speedcardgame/cards/services/card.service.go:105.8,105.32 1 1
github.com/Ryanljk/speedcardgame/cards/services/card.service.go:105.32,107.3 1 1
github.com/Ryanljk/speedcardgame/cards/services/card.service.go:107.8,107.33 1 0
github.com/Ryanljk/speedcardgame/cards/services/card.service.go:107.33,109.3 1 0
github.com/Ryanljk/speedcardgame/cards/services/card.service.go:109.8,109.33 1 0
github.com/Ryanljk/speedcardgame/cards/services/card.service.go:109.33,111.3 1 0
github.com/Ryanljk/speedcardgame/cards/services/card.service.go:111.8,111.37 1 0
github.com/Ryanljk/speedcardgame/cards/services/card.service.go:111.37,113.3 1 0
github.com/Ryanljk/speedcardgame/cards/services/card.service.go:113.8,113.35 1 0
github.com/Ryanljk/speedcardgame/cards/services/card.service.go:113.35,115.3 1 0
github.com/Ryanljk/speedcardgame/cards/services/card.service.go:115.8,118.3 2 0
github.com/Ryanljk/speedcardgame/cards/services/card.service.go:121.2,121.52 1 1
github.com/Ryanljk/speedcardgame/cards/services/card.service.go:121.52,124.3 2 0
github.com/Ryanljk/speedcardgame/cards/services/card.service.go:127.2,128.56 2 1
github.com/Ryanljk/speedcardgame/cards/services/card.service.go:128.56,131.3 2 0
github.com/Ryanljk/speedcardgame/cards/services/card.service.go:134.57,135.67 1 1
github.com/Ryanljk/speedcardgame/cards/services/card.service.go:135.67,138.3 2 1
github.com/Ryanljk/speedcardgame/cards/services/card.service.go:141.2,145.58 3 1
github.com/Ryanljk/speedcardgame/cards/services/card.service.go:145.58,148.3 2 1
github.com/Ryanljk/speedcardgame/cards/services/card.service.go:151.2,151.54 1 1
github.com/Ryanljk/speedcardgame/cards/services/card.service.go:151.54,154.3 2 0
github.com/Ryanljk/speedcardgame/cards/services/card.service.go:156.2,157.56 2 1
github.com/Ryanljk/speedcardgame/cards/services/card.service.go:157.56,160.3 2 0
github.com/Ryanljk/speedcardgame/cards/services/card_seed.go:19.55,21.16 2 1
github.com/Ryanljk/speedcardgame/cards/services/card_seed.go:21.16,23.3 1 1
github.com/Ryanljk/speedcardgame/cards/services/card_seed.go:24.2,30.16 5 1
github.com/Ryanljk/speedcardgame/cards/services/card_seed.go:30.16,32.3 1 0
github.com/Ryanljk/speedcardgame/cards/services/card_seed.go:34.2,35.30 2 1
github.com/Ryanljk/speedcardgame/cards/services/card_seed.go:35.30,37.3 1 1
github.com/Ryanljk/speedcardgame/cards/services/card_seed.go:39.2,39.37 1 1
github.com/Ryanljk/speedcardgame/cards/services/card_seed.go:39.37,40.37 1 1
github.com/Ryanljk/speedcardgame/cards/services/card_seed.go:40.37,42.4 1 1
github.com/Ryanljk/speedcardgame/cards/services/card_seed.go:45.2,46.6 2 1
github.com/Ryanljk/speedcardgame/cards/services/card_seed.go:46.6,48.29 2 1
github.com/Ryanljk/speedcardgame/cards/services/card_seed.go:48.29,49.9 1 1
github.com/Ryanljk/speedcardgame/cards/services/card_seed.go:51.3,51.17 1 1
github.com/Ryanljk/speedcardgame/cards/services/card_seed.go:51.17,53.4 1 0
github.com/Ryanljk/speedcardgame/cards/services/card_seed.go:54.3,56.23 2 1
github.com/Ryanljk/speedcardgame/cards/services/card_seed.go:56.23,57.12 1 0
github.com/Ryanljk/speedcardgame/cards/services/card_seed.go:60.3,61.17 2 1
github.com/Ryanljk/speedcardgame/cards/services/card_seed.go:61.17,63.4 1 1
github.com/Ryanljk/speedcardgame/cards/services/card_seed.go:65.3,67.35 3 1
github.com/Ryanljk/speedcardgame/cards/services/card_seed.go:67.35,69.4 1 1
github.com/Ryanljk/speedcardgame/cards/services/card_seed.go:71.3,72.17 2 1
github.com/Ryanljk/speedcardgame/cards/services/card_seed.go:72.17,74.4 1 0
github.com/Ryanljk/speedcardgame/cards/services/card_seed.go:75.3,76.17 2 1
github.com/Ryanljk/speedcardgame/cards/services/card_seed.go:76.17,78.4 1 0
github.com/Ryanljk/speedcardgame/cards/services/card_seed.go:79.3,80.17 2 1
github.com/Ryanljk/speedcardgame/cards/services/card_seed.go:80.17,82.4 1 0
github.com/Ryanljk/speedcardgame/cards/services/card_seed.go:83.3,84.17 2 1
github.com/Ryanljk/speedcardgame/cards/services/card_seed.go:84.17,86.4 1 0
github.com/Ryanljk/speedcardgame/cards/services/card_seed.go:87.3,102.54 5 1
github.com/Ryanljk/speedcardgame/cards/services/card_seed.go:102.54,103.49 1 1
github.com/Ryanljk/speedcardgame/cards/services/card_seed.go:103.49,105.5 1 0
github.com/Ryanljk/speedcardgame/cards/services/card_seed.go:106.4,106.12 1 1
github.com/Ryanljk/speedcardgame/cards/services/card_seed.go:108.3,108.26 1 1
github.com/Ryanljk/speedcardgame/cards/services/card_seed.go:108.26,110.4 1 1
github.com/Ryanljk/speedcardgame/cards/services/card_seed.go:112.3,121.68 2 1
github.com/Ryanljk/speedcardgame/cards/services/card_seed.go:121.68,123.4 1 0
github.com/Ryanljk/speedcardgame/cards/services/card_seed.go:126.2,126.12 1 1
github.com/Ryanljk/speedcardgame/cards/services/card_seed.go:129.83,131.15 2 1
github.com/Ryanljk/speedcardgame/cards/services/card_seed.go:131.15,133.3 1 1
github.com/Ryanljk/speedcardgame/cards/services/card_seed.go:134.2,135.16 2 1
github.com/Ryanljk/speedcardgame/cards/services/card_seed.go:135.16,137.3 1 1
github.com/Ryanljk/speedcardgame/cards/services/card_seed.go:138.2,138.19 1 1
github.com/Ryanljk/speedcardgame/cards/services/card_seed.go:142.53,143.39 1 1
github.com/Ryanljk/speedcardgame/cards/services/card_seed.go:143.39,145.3 1 1
github.com/Ryanljk/speedcardgame/cards/services/card_seed.go:146.2,146.22 1 1
github.com/Ryanljk/speedcardgame/cards/services/deck.service.go:21.29,23.17 2 1
github.com/Ryanljk/speedcardgame/cards/services/deck.service.go:23.17,25.3 1 1
github.com/Ryanljk/speedcardgame/cards/services/deck.service.go:26.2,27.31 2 1
github.com/Ryanljk/speedcardgame/cards/services/deck.service.go:27.31,29.3 1 1
github.com/Ryanljk/speedcardgame/cards/services/deck.service.go:30.2,30.15 1 1
github.com/Ryanljk/speedcardgame/cards/services/deck.service.go:34.50,36.30 2 1
github.com/Ryanljk/speedcardgame/cards/services/deck.service.go:36.30,38.3 1 1
github.com/Ryanljk/speedcardgame/cards/services/deck.service.go:39.2,39.14 1 1
github.com/Ryanljk/speedcardgame/cards/services/deck.service.go:43.57,50.67 2 1
github.com/Ryanljk/speedcardgame/cards/services/deck.service.go:50.67,53.3 2 1
github.com/Ryanljk/speedcardgame/cards/services/deck.service.go:55.2,55.24 1 1
github.com/Ryanljk/speedcardgame/cards/services/deck.service.go:55.24,58.3 2 1
github.com/Ryanljk/speedcardgame/cards/services/deck.service.go:60.2,61.54 2 1
github.com/Ryanljk/speedcardgame/cards/services/deck.service.go:61.54,64.3 2 1
github.com/Ryanljk/speedcardgame/cards/services/deck.service.go:67.2,68.93 2 1
github.com/Ryanljk/speedcardgame/cards/services/deck.service.go:68.93,69.96 1 1
github.com/Ryanljk/speedcardgame/cards/services/deck.service.go:69.96,72.4 2 0
github.com/Ryanljk/speedcardgame/cards/services/deck.service.go:76.2,82.54 2 1
github.com/Ryanljk/speedcardgame/cards/services/deck.service.go:82.54,85.3 2 1
github.com/Ryanljk/speedcardgame/cards/services/deck.service.go:88.2,89.56 2 1
github.com/Ryanljk/speedcardgame/cards/services/deck.service.go:89.56,92.3 2 0
github.com/Ryanljk/speedcardgame/cards/services/deck.service.go:95.56,99.53 2 1
github.com/Ryanljk/speedcardgame/cards/services/deck.service.go:99.53,102.3 2 1
github.com/Ryanljk/speedcardgame/cards/services/deck.service.go:105.2,106.57 2 1
github.com/Ryanljk/speedcardgame/cards/services/deck.service.go:106.57,109.3 2 0
github.com/Ryanljk/speedcardgame/cards/services/deck.service.go:112.57,119.67 2 1
github.com/Ryanljk/speedcardgame/cards/services/deck.service.go:119.67,122.3 2 1
github.com/Ryanljk/speedcardgame/cards/services/deck.service.go:125.2,125.95 1 1
github.com/Ryanljk/speedcardgame/cards/services/deck.service.go:125.95,128.3 2 1
github.com/Ryanljk/speedcardgame/cards/services/deck.service.go:131.2,132.109 2 1
github.com/Ryanljk/speedcardgame/cards/services/deck.service.go:132.109,135.3 2 0
github.com/Ryanljk/speedcardgame/cards/services/deck.service.go:138.62,143.63 2 1
github.com/Ryanljk/speedcardgame/cards/services/deck.service.go:143.63,146.3 2 1
github.com/Ryanljk/speedcardgame/cards/services/deck.service.go:148.2,148.20 1 1
github.com/Ryanljk/speedcardgame/cards/services/deck.service.go:148.20,151.3 2 1
github.com/Ryanljk/speedcardgame/cards/services/deck.service.go:153.2,154.86 2 1
github.com/Ryanljk/speedcardgame/cards/services/deck.service.go:154.86,157.3 2 1
github.com/Ryanljk/speedcardgame/cards/services/deck.service.go:159.2,160.69 2 1
github.com/Ryanljk/speedcardgame/cards/services/deck.service.go:160.69,163.3 2 0
github.com/Ryanljk/speedcardgame/cards/services/deck.service.go:165.2,171.91 3 1
github.com/Ryanljk/speedcardgame/cards/services/deck.service.go:171.91,174.3 2 0
github.com/Ryanljk/speedcardgame/cards/services/deck.service.go:176.2,176.54 1 1
github.com/Ryanljk/speedcardgame/cards/services/deck.service.go:176.54,179.3 2 0
github.com/Ryanljk/speedcardgame/cards/services/deck.service.go:181.2,182.56 2 1
github.com/Ryanljk/speedcardgame/cards/services/deck.service.go:182.56,185.3 2 0
github.com/Ryanljk/speedcardgame/cards/services/deck.service.go:188.50,190.52 2 1
github.com/Ryanljk/speedcardgame/cards/services/deck.service.go:190.52,192.3 1 1
github.com/Ryanljk/speedcardgame/cards/services/deck.service.go:194.2,194.27 1 1
github.com/Ryanljk/speedcardgame/cards/services/deck.service.go:194.27,196.3 1 1
github.com/Ryanljk/speedcardgame/cards/services/deck.service.go:198.2,201.62 3 1
github.com/Ryanljk/speedcardgame/cards/services/deck.service.go:201.62,203.3 1 0
github.com/Ryanljk/speedcardgame/cards/services/deck.service.go:205.2,205.40 1 1
github.com/Ryanljk/speedcardgame/cards/services/deck.service.go:205.40,212.89 3 1
github.com/Ryanljk/speedcardgame/cards/services/deck.service.go:212.89,214.4 1 0
github.com/Ryanljk/speedcardgame/cards/services/deck.service.go:215.3,215.48 1 1
github.com/Ryanljk/speedcardgame/cards/services/deck.service.go:215.48,217.4 1 0
github.com/Ryanljk/speedcardgame/cards/services/deck.service.go:220.2,220.12 1 1
github.com/Ryanljk/speedcardgame/cards/services/deck.service.go:224.104,228.22 3 1
github.com/Ryanljk/speedcardgame/cards/services/deck.service.go:228.22,230.37 2 1
github.com/Ryanljk/speedcardgame/cards/services/deck.service.go:230.37,231.17 1 1
github.com/Ryanljk/speedcardgame/cards/services/deck.service.go:231.17,233.5 1 1
github.com/Ryanljk/speedcardgame/cards/services/deck.service.go:235.3,237.28 2 1
github.com/Ryanljk/speedcardgame/cards/services/deck.service.go:237.28,238.22 1 1
github.com/Ryanljk/speedcardgame/cards/services/deck.service.go:238.22,239.10 1 1
github.com/Ryanljk/speedcardgame/cards/services/deck.service.go:241.4,242.25 2 1
github.com/Ryanljk/speedcardgame/cards/services/deck.service.go:242.25,244.5 1 1
github.com/Ryanljk/speedcardgame/cards/services/deck.service.go:245.4,246.22 2 1
github.com/Ryanljk/speedcardgame/cards/services/deck.service.go:250.2,250.32 1 1
github.com/Ryanljk/speedcardgame/cards/services/deck.service.go:250.32,251.21 1 1
github.com/Ryanljk/speedcardgame/cards/services/deck.service.go:251.21,252.9 1 1
github.com/Ryanljk/speedcardgame/cards/services/deck.service.go:254.3,255.14 2 1
github.com/Ryanljk/speedcardgame/cards/services/deck.service.go:258.2,258.13 1 1
github.com/Ryanljk/speedcardgame/cards/services/deck.service.go:262.62,265.16 3 1
github.com/Ryanljk/speedcardgame/cards/services/deck.service.go:265.16,268.3 2 1
github.com/Ryanljk/speedcardgame/cards/services/deck.service.go:270.2,271.75 2 1
github.com/Ryanljk/speedcardgame/cards/services/deck.service.go:271.75,274.3 2 1
github.com/Ryanljk/speedcardgame/cards/services/deck.service.go:276.2,278.16 3 1
github.com/Ryanljk/speedcardgame/cards/services/deck.service.go:278.16,281.3 2 0
github.com/Ryanljk/speedcardgame/cards/services/inventory.service.go:22.36,23.15 1 1
github.com/Ryanljk/speedcardgame/cards/services/inventory.service.go:23.15,25.3 1 1
github.com/Ryanljk/speedcardgame/cards/services/inventory.service.go:26.2,26.27 1 1
github.com/Ryanljk/speedcardgame/cards/services/inventory.service.go:26.27,28.3 1 1
github.com/Ryanljk/speedcardgame/cards/services/inventory.service.go:29.2,29.14 1 1
github.com/Ryanljk/speedcardgame/cards/services/inventory.service.go:33.60,34.18 1 1
github.com/Ryanljk/speedcardgame/cards/services/inventory.service.go:34.18,36.3 1 1
github.com/Ryanljk/speedcardgame/cards/services/inventory.service.go:38.2,39.30 2 1
github.com/Ryanljk/speedcardgame/cards/services/inventory.service.go:39.30,40.15 1 1
github.com/Ryanljk/speedcardgame/cards/services/inventory.service.go:40.15,43.12 3 1
github.com/Ryanljk/speedcardgame/cards/services/inventory.service.go:46.3,47.19 2 1
github.com/Ryanljk/speedcardgame/cards/services/inventory.service.go:47.19,48.16 1 1
github.com/Ryanljk/speedcardgame/cards/services/inventory.service.go:48.16,50.5 1 0
github.com/Ryanljk/speedcardgame/cards/services/inventory.service.go:51.4,52.12 2 1
github.com/Ryanljk/speedcardgame/cards/services/inventory.service.go:55.3,55.21 1 1
github.com/Ryanljk/speedcardgame/cards/services/inventory.service.go:55.21,58.4 2 1
github.com/Ryanljk/speedcardgame/cards/services/inventory.service.go:61.2,61.16 1 1
github.com/Ryanljk/speedcardgame/cards/services/inventory.service.go:65.62,68.72 1 1
github.com/Ryanljk/speedcardgame/cards/services/inventory.service.go:68.72,71.3 2 1
github.com/Ryanljk/speedcardgame/cards/services/inventory.service.go:73.2,79.28 2 1
github.com/Ryanljk/speedcardgame/cards/services/inventory.service.go:79.28,95.3 11 1
github.com/Ryanljk/speedcardgame/cards/services/inventory.service.go:96.2,98.59 2 1
github.com/Ryanljk/speedcardgame/cards/services/inventory.service.go:98.59,101.3 2 1
github.com/Ryanljk/speedcardgame/cards/services/inventory.service.go:103.2,104.61 2 1
github.com/Ryanljk/speedcardgame/cards/services/inventory.service.go:104.61,107.3 2 0
github.com/Ryanljk/speedcardgame/cards/services/inventory.service.go:111.62,115.59 2 1
github.com/Ryanljk/speedcardgame/cards/services/inventory.service.go:115.59,118.3 2 1
github.com/Ryanljk/speedcardgame/cards/services/inventory.service.go:120.2,120.29 1 1
github.com/Ryanljk/speedcardgame/cards/services/inventory.service.go:120.29,121.52 1 1
github.com/Ryanljk/speedcardgame/cards/services/inventory.service.go:121.52,123.4 1 1
github.com/Ryanljk/speedcardgame/cards/services/inventory.service.go:127.2,128.63 2 1
github.com/Ryanljk/speedcardgame/cards/services/inventory.service.go:128.63,131.3 2 0
github.com/Ryanljk/speedcardgame/cards/services/inventory.service.go:135.67,137.20 2 1
github.com/Ryanljk/speedcardgame/cards/services/inventory.service.go:137.20,140.3 2 1
github.com/Ryanljk/speedcardgame/cards/services/inventory.service.go:141.2,142.85 2 1
github.com/Ryanljk/speedcardgame/cards/services/inventory.service.go:142.85,145.3 2 1
github.com/Ryanljk/speedcardgame/cards/services/inventory.service.go:147.2,147.46 1 1
github.com/Ryanljk/speedcardgame/cards/services/inventory.service.go:147.46,148.58 1 1
github.com/Ryanljk/speedcardgame/cards/services/inventory.service.go:148.58,151.4 2 0
github.com/Ryanljk/speedcardgame/cards/services/inventory.service.go:155.2,156.61 2 1
github.com/Ryanljk/speedcardgame/cards/services/inventory.service.go:156.61,159.3 2 0
github.com/Ryanljk/speedcardgame/cards/services/inventory.service.go:162.62,165.72 1 1
github.com/Ryanljk/speedcardgame/cards/services/inventory.service.go:165.72,168.3 2 1
github.com/Ryanljk/speedcardgame/cards/services/inventory.service.go:171.2,175.80 4 1
github.com/Ryanljk/speedcardgame/cards/services/inventory.service.go:175.80,178.3 2 1
github.com/Ryanljk/speedcardgame/cards/services/inventory.service.go:181.2,181.28 1 1
github.com/Ryanljk/speedcardgame/cards/services/inventory.service.go:181.28,183.3 1 1
github.com/Ryanljk/speedcardgame/cards/services/inventory.service.go:184.2,184.30 1 1
github.com/Ryanljk/speedcardgame/cards/services/inventory.service.go:184.30,185.27 1 1
github.com/Ryanljk/speedcardgame/cards/services/inventory.service.go:185.27,186.12 1 1
github.com/Ryanljk/speedcardgame/cards/services/inventory.service.go:188.3,190.19 3 1
github.com/Ryanljk/speedcardgame/cards/services/inventory.service.go:190.19,192.12 2 0
github.com/Ryanljk/speedcardgame/cards/services/inventory.service.go:194.3,194.33 1 1
github.com/Ryanljk/speedcardgame/cards/services/inventory.service.go:197.2,200.57 2 1
github.com/Ryanljk/speedcardgame/cards/services/inventory.service.go:200.57,203.3 2 0
github.com/Ryanljk/speedcardgame/cards/services/inventory.service.go:206.2,207.61 2 1
github.com/Ryanljk/speedcardgame/cards/services/inventory.service.go:207.61,210.3 2 0
github.com/Ryanljk/speedcardgame/cards/services/inventory.service.go:213.67,216.72 1 1
github.com/Ryanljk/speedcardgame/cards/services/inventory.service.go:216.72,219.3 2 1
github.com/Ryanljk/speedcardgame/cards/services/inventory.service.go:221.2,224.80 4 1
github.com/Ryanljk/speedcardgame/cards/services/inventory.service.go:224.80,227.3 2 1
github.com/Ryanljk/speedcardgame/cards/services/inventory.service.go:228.2,231.57 2 1
github.com/Ryanljk/speedcardgame/cards/services/inventory.service.go:231.57,234.3 2 0
github.com/Ryanljk/speedcardgame/cards/services/inventory.service.go:237.64,240.72 1 1
github.com/Ryanljk/speedcardgame/cards/services/inventory.service.go:240.72,243.3 2 1
github.com/Ryanljk/speedcardgame/cards/services/inventory.service.go:245.2,248.80 4 1
github.com/Ryanljk/speedcardgame/cards/services/inventory.service.go:248.80,251.3 2 1
github.com/Ryanljk/speedcardgame/cards/services/inventory.service.go:252.2,255.57 2 1
github.com/Ryanljk/speedcardgame/cards/services/inventory.service.go:255.57,258.3 2 0
