mode: set
github.com/Ryanljk/speedcardgame/cards/services/card.service.go:37.57,41.75 2 1
github.com/Ryanljk/speedcardgame/cards/services/card.service.go:41.75,43.3 1 1
github.com/Ryanljk/speedcardgame/cards/services/card.service.go:48.2,49.27 2 1
github.com/Ryanljk/speedcardgame/cards/services/card.service.go:49.27,51.3 1 1
github.com/Ryanljk/speedcardgame/cards/services/card.service.go:52.2,52.28 1 1
github.com/Ryanljk/speedcardgame/cards/services/card.service.go:52.28,54.3 1 1
github.com/Ryanljk/speedcardgame/cards/services/card.service.go:55.2,55.28 1 1
github.com/Ryanljk/speedcardgame/cards/services/card.service.go:55.28,57.3 1 1
github.com/Ryanljk/speedcardgame/cards/services/card.service.go:58.2,58.32 1 1
github.com/Ryanljk/speedcardgame/cards/services/card.service.go:58.32,60.3 1 1
github.com/Ryanljk/speedcardgame/cards/services/card.service.go:63.2,75.54 2 1
github.com/Ryanljk/speedcardgame/cards/services/card.service.go:75.54,78.3 2 1
github.com/Ryanljk/speedcardgame/cards/services/card.service.go:81.2,81.46 1 1
github.com/Ryanljk/speedcardgame/cards/services/card.service.go:94.56,98.72 2 1
github.com/Ryanljk/speedcardgame/cards/services/card.service.go:98.72,101.3 2 1
github.com/Ryanljk/speedcardgame/cards/services/card.service.go:104.2,104.47 1 1
github.com/Ryanljk/speedcardgame/cards/services/card.service.go:121.57,127.75 2 1
github.com/Ryanljk/speedcardgame/cards/services/card.service.go:127.75,129.3 1 1
github.com/Ryanljk/speedcardgame/cards/services/card.service.go:132.2,136.58 3 1
github.com/Ryanljk/speedcardgame/cards/services/card.service.go:136.58,139.3 2 1
github.com/Ryanljk/speedcardgame/cards/services/card.service.go:143.2,145.26 2 1
github.com/Ryanljk/speedcardgame/cards/services/card.service.go:145.26,148.3 2 1
github.com/Ryanljk/speedcardgame/cards/services/card.service.go:149.2,149.26 1 1
github.com/Ryanljk/speedcardgame/cards/services/card.service.go:149.26,152.3 2 1
github.com/Ryanljk/speedcardgame/cards/services/card.service.go:153.2,153.27 1 1
github.com/Ryanljk/speedcardgame/cards/services/card.service.go:153.27,156.3 2 1
github.com/Ryanljk/speedcardgame/cards/services/card.service.go:157.2,157.28 1 1
github.com/Ryanljk/speedcardgame/cards/services/card.service.go:157.28,160.3 2 1
github.com/Ryanljk/speedcardgame/cards/services/card.service.go:161.2,161.28 1 1
github.com/Ryanljk/speedcardgame/cards/services/card.service.go:161.28,164.3 2 1
github.com/Ryanljk/speedcardgame/cards/services/card.service.go:165.2,165.32 1 1
github.com/Ryanljk/speedcardgame/cards/services/card.service.go:165.32,168.3 2 1
github.com/Ryanljk/speedcardgame/cards/services/card.service.go:169.2,169.28 1 1
github.com/Ryanljk/speedcardgame/cards/services/card.service.go:169.28,172.3 2 1
github.com/Ryanljk/speedcardgame/cards/services/card.service.go:174.2,174.14 1 1
github.com/Ryanljk/speedcardgame/cards/services/card.service.go:174.14,177.3 2 1
github.com/Ryanljk/speedcardgame/cards/services/card.service.go:180.2,180.52 1 1
github.com/Ryanljk/speedcardgame/cards/services/card.service.go:180.52,183.3 2 0
github.com/Ryanljk/speedcardgame/cards/services/card.service.go:186.2,186.46 1 1
github.com/Ryanljk/speedcardgame/cards/services/card.service.go:202.57,204.75 2 1
github.com/Ryanljk/speedcardgame/cards/services/card.service.go:204.75,206.3 1 1
github.com/Ryanljk/speedcardgame/cards/services/card.service.go:209.2,213.58 3 1
github.com/Ryanljk/speedcardgame/cards/services/card.service.go:213.58,216.3 2 1
github.com/Ryanljk/speedcardgame/cards/services/card.service.go:219.2,219.54 1 1
github.com/Ryanljk/speedcardgame/cards/services/card.service.go:219.54,222.3 2 0
github.com/Ryanljk/speedcardgame/cards/services/card.service.go:224.2,224.46 1 1
github.com/Ryanljk/speedcardgame/cards/services/card.service.go:227.59,229.76 2 1
github.com/Ryanljk/speedcardgame/cards/services/card.service.go:229.76,232.3 2 1
github.com/Ryanljk/speedcardgame/cards/services/card.service.go:233.2,233.74 1 1
github.com/Ryanljk/speedcardgame/cards/services/card_seed.go:19.55,21.16 2 1
github.com/Ryanljk/speedcardgame/cards/services/card_seed.go:21.16,23.3 1 1
github.com/Ryanljk/speedcardgame/cards/services/card_seed.go:24.2,30.16 5 1
github.com/Ryanljk/speedcardgame/cards/services/card_seed.go:30.16,32.3 1 0
github.com/Ryanljk/speedcardgame/cards/services/card_seed.go:34.2,35.30 2 1
github.com/Ryanljk/speedcardgame/cards/services/card_seed.go:35.30,37.3 1 1
github.com/Ryanljk/speedcardgame/cards/services/card_seed.go:39.2,39.37 1 1
github.com/Ryanljk/speedcardgame/cards/services/card_seed.go:39.37,40.37 1 1
github.com/Ryanljk/speedcardgame/cards/services/card_seed.go:40.37,42.4 1 1
github.com/Ryanljk/speedcardgame/cards/services/card_seed.go:45.2,46.6 2 1
github.com/Ryanljk/speedcardgame/cards/services/card_seed.go:46.6,48.29 2 1
github.com/Ryanljk/speedcardgame/cards/services/card_seed.go:48.29,49.9 1 1
github.com/Ryanljk/speedcardgame/cards/services/card_seed.go:51.3,51.17 1 1
github.com/Ryanljk/speedcardgame/cards/services/card_seed.go:51.17,53.4 1 0
github.com/Ryanljk/speedcardgame/cards/services/card_seed.go:54.3,56.23 2 1
github.com/Ryanljk/speedcardgame/cards/services/card_seed.go:56.23,57.12 1 0
github.com/Ryanljk/speedcardgame/cards/services/card_seed.go:60.3,61.17 2 1
github.com/Ryanljk/speedcardgame/cards/services/card_seed.go:61.17,63.4 1 1
github.com/Ryanljk/speedcardgame/cards/services/card_seed.go:65.3,67.35 3 1
github.com/Ryanljk/speedcardgame/cards/services/card_seed.go:67.35,69.4 1 1
github.com/Ryanljk/speedcardgame/cards/services/card_seed.go:71.3,72.17 2 1
github.com/Ryanljk/speedcardgame/cards/services/card_seed.go:72.17,74.4 1 0
github.com/Ryanljk/speedcardgame/cards/services/card_seed.go:75.3,76.17 2 1
github.com/Ryanljk/speedcardgame/cards/services/card_seed.go:76.17,78.4 1 0
github.com/Ryanljk/speedcardgame/cards/services/card_seed.go:79.3,80.17 2 1
github.com/Ryanljk/speedcardgame/cards/services/card_seed.go:80.17,82.4 1 0
github.com/Ryanljk/speedcardgame/cards/services/card_seed.go:83.3,84.17 2 1
github.com/Ryanljk/speedcardgame/cards/services/card_seed.go:84.17,86.4 1 0
github.com/Ryanljk/speedcardgame/cards/services/card_seed.go:87.3,102.54 5 1
github.com/Ryanljk/speedcardgame/cards/services/card_seed.go:102.54,103.49 1 1
github.com/Ryanljk/speedcardgame/cards/services/card_seed.go:103.49,105.5 1 0
github.com/Ryanljk/speedcardgame/cards/services/card_seed.go:106.4,106.12 1 1
github.com/Ryanljk/speedcardgame/cards/services/card_seed.go:108.3,108.26 1 1
github.com/Ryanljk/speedcardgame/cards/services/card_seed.go:108.26,110.4 1 1
github.com/Ryanljk/speedcardgame/cards/services/card_seed.go:112.3,121.68 2 1
github.com/Ryanljk/speedcardgame/cards/services/card_seed.go:121.68,123.4 1 0
github.com/Ryanljk/speedcardgame/cards/services/card_seed.go:126.2,126.12 1 1
github.com/Ryanljk/speedcardgame/cards/services/card_seed.go:129.83,131.15 2 1
github.com/Ryanljk/speedcardgame/cards/services/card_seed.go:131.15,133.3 1 1
github.com/Ryanljk/speedcardgame/cards/services/card_seed.go:134.2,135.16 2 1
github.com/Ryanljk/speedcardgame/cards/services/card_seed.go:135.16,137.3 1 1
github.com/Ryanljk/speedcardgame/cards/services/card_seed.go:138.2,138.19 1 1
github.com/Ryanljk/speedcardgame/cards/services/card_seed.go:142.53,143.39 1 1
github.com/Ryanljk/speedcardgame/cards/services/card_seed.go:143.39,145.3 1 1
github.com/Ryanljk/speedcardgame/cards/services/card_seed.go:146.2,146.22 1 1
github.com/Ryanljk/speedcardgame/cards/services/deck.service.go:26.29,28.17 2 1
github.com/Ryanljk/speedcardgame/cards/services/deck.service.go:28.17,30.3 1 1
github.com/Ryanljk/speedcardgame/cards/services/deck.service.go:31.2,32.31 2 1
github.com/Ryanljk/speedcardgame/cards/services/deck.service.go:32.31,34.3 1 1
github.com/Ryanljk/speedcardgame/cards/services/deck.service.go:35.2,35.15 1 1
github.com/Ryanljk/speedcardgame/cards/services/deck.service.go:39.50,41.30 2 1
github.com/Ryanljk/speedcardgame/cards/services/deck.service.go:41.30,43.3 1 1
github.com/Ryanljk/speedcardgame/cards/services/deck.service.go:44.2,44.14 1 1
github.com/Ryanljk/speedcardgame/cards/services/deck.service.go:60.57,64.75 2 1
github.com/Ryanljk/speedcardgame/cards/services/deck.service.go:64.75,66.3 1 1
github.com/Ryanljk/speedcardgame/cards/services/deck.service.go:68.2,68.24 1 1
github.com/Ryanljk/speedcardgame/cards/services/deck.service.go:68.24,71.3 2 1
github.com/Ryanljk/speedcardgame/cards/services/deck.service.go:73.2,74.54 2 1
github.com/Ryanljk/speedcardgame/cards/services/deck.service.go:74.54,77.3 2 1
github.com/Ryanljk/speedcardgame/cards/services/deck.service.go:80.2,81.93 2 1
github.com/Ryanljk/speedcardgame/cards/services/deck.service.go:81.93,82.96 1 1
github.com/Ryanljk/speedcardgame/cards/services/deck.service.go:82.96,85.4 2 1
github.com/Ryanljk/speedcardgame/cards/services/deck.service.go:89.2,95.54 2 1
github.com/Ryanljk/speedcardgame/cards/services/deck.service.go:95.54,98.3 2 1
github.com/Ryanljk/speedcardgame/cards/services/deck.service.go:101.2,101.46 1 1
github.com/Ryanljk/speedcardgame/cards/services/deck.service.go:113.56,117.53 2 1
github.com/Ryanljk/speedcardgame/cards/services/deck.service.go:117.53,120.3 2 1
github.com/Ryanljk/speedcardgame/cards/services/deck.service.go:123.2,123.47 1 1
github.com/Ryanljk/speedcardgame/cards/services/deck.service.go:138.57,142.75 2 1
github.com/Ryanljk/speedcardgame/cards/services/deck.service.go:142.75,144.3 1 1
github.com/Ryanljk/speedcardgame/cards/services/deck.service.go:147.2,147.95 1 1
github.com/Ryanljk/speedcardgame/cards/services/deck.service.go:147.95,150.3 2 1
github.com/Ryanljk/speedcardgame/cards/services/deck.service.go:153.2,153.99 1 1
github.com/Ryanljk/speedcardgame/cards/services/deck.service.go:168.62,173.63 2 1
github.com/Ryanljk/speedcardgame/cards/services/deck.service.go:173.63,176.3 2 1
github.com/Ryanljk/speedcardgame/cards/services/deck.service.go:178.2,178.20 1 1
github.com/Ryanljk/speedcardgame/cards/services/deck.service.go:178.20,181.3 2 1
github.com/Ryanljk/speedcardgame/cards/services/deck.service.go:183.2,184.86 2 1
github.com/Ryanljk/speedcardgame/cards/services/deck.service.go:184.86,187.3 2 1
github.com/Ryanljk/speedcardgame/cards/services/deck.service.go:189.2,190.69 2 1
github.com/Ryanljk/speedcardgame/cards/services/deck.service.go:190.69,193.3 2 0
github.com/Ryanljk/speedcardgame/cards/services/deck.service.go:195.2,201.91 3 1
github.com/Ryanljk/speedcardgame/cards/services/deck.service.go:201.91,204.3 2 1
github.com/Ryanljk/speedcardgame/cards/services/deck.service.go:206.2,206.54 1 1
github.com/Ryanljk/speedcardgame/cards/services/deck.service.go:206.54,209.3 2 1
github.com/Ryanljk/speedcardgame/cards/services/deck.service.go:211.2,212.56 2 1
github.com/Ryanljk/speedcardgame/cards/services/deck.service.go:212.56,215.3 2 1
github.com/Ryanljk/speedcardgame/cards/services/deck.service.go:218.50,220.52 2 1
github.com/Ryanljk/speedcardgame/cards/services/deck.service.go:220.52,222.3 1 1
github.com/Ryanljk/speedcardgame/cards/services/deck.service.go:224.2,224.27 1 1
github.com/Ryanljk/speedcardgame/cards/services/deck.service.go:224.27,226.3 1 1
github.com/Ryanljk/speedcardgame/cards/services/deck.service.go:228.2,231.62 3 1
github.com/Ryanljk/speedcardgame/cards/services/deck.service.go:231.62,233.3 1 0
github.com/Ryanljk/speedcardgame/cards/services/deck.service.go:235.2,235.40 1 1
github.com/Ryanljk/speedcardgame/cards/services/deck.service.go:235.40,238.17 3 1
github.com/Ryanljk/speedcardgame/cards/services/deck.service.go:238.17,239.12 1 1
github.com/Ryanljk/speedcardgame/cards/services/deck.service.go:241.3,241.36 1 1
github.com/Ryanljk/speedcardgame/cards/services/deck.service.go:241.36,243.4 1 0
github.com/Ryanljk/speedcardgame/cards/services/deck.service.go:245.3,250.48 3 1
github.com/Ryanljk/speedcardgame/cards/services/deck.service.go:250.48,252.4 1 1
github.com/Ryanljk/speedcardgame/cards/services/deck.service.go:255.2,255.12 1 1
github.com/Ryanljk/speedcardgame/cards/services/deck.service.go:259.104,263.22 3 1
github.com/Ryanljk/speedcardgame/cards/services/deck.service.go:263.22,265.37 2 1
github.com/Ryanljk/speedcardgame/cards/services/deck.service.go:265.37,266.17 1 1
github.com/Ryanljk/speedcardgame/cards/services/deck.service.go:266.17,268.5 1 1
github.com/Ryanljk/speedcardgame/cards/services/deck.service.go:270.3,272.28 2 1
github.com/Ryanljk/speedcardgame/cards/services/deck.service.go:272.28,273.22 1 1
github.com/Ryanljk/speedcardgame/cards/services/deck.service.go:273.22,274.10 1 1
github.com/Ryanljk/speedcardgame/cards/services/deck.service.go:276.4,277.25 2 1
github.com/Ryanljk/speedcardgame/cards/services/deck.service.go:277.25,279.5 1 1
github.com/Ryanljk/speedcardgame/cards/services/deck.service.go:280.4,281.22 2 1
github.com/Ryanljk/speedcardgame/cards/services/deck.service.go:285.2,285.32 1 1
github.com/Ryanljk/speedcardgame/cards/services/deck.service.go:285.32,286.21 1 1
github.com/Ryanljk/speedcardgame/cards/services/deck.service.go:286.21,287.9 1 1
github.com/Ryanljk/speedcardgame/cards/services/deck.service.go:289.3,290.14 2 1
github.com/Ryanljk/speedcardgame/cards/services/deck.service.go:293.2,293.13 1 1
github.com/Ryanljk/speedcardgame/cards/services/deck.service.go:307.62,310.16 3 1
github.com/Ryanljk/speedcardgame/cards/services/deck.service.go:310.16,313.3 2 1
github.com/Ryanljk/speedcardgame/cards/services/deck.service.go:315.2,316.75 2 1
github.com/Ryanljk/speedcardgame/cards/services/deck.service.go:316.75,319.3 2 1
github.com/Ryanljk/speedcardgame/cards/services/deck.service.go:321.2,323.16 3 1
github.com/Ryanljk/speedcardgame/cards/services/deck.service.go:323.16,326.3 2 1
github.com/Ryanljk/speedcardgame/cards/services/inventory.service.go:22.36,23.15 1 1
github.com/Ryanljk/speedcardgame/cards/services/inventory.service.go:23.15,25.3 1 1
github.com/Ryanljk/speedcardgame/cards/services/inventory.service.go:26.2,26.27 1 1
github.com/Ryanljk/speedcardgame/cards/services/inventory.service.go:26.27,28.3 1 1
github.com/Ryanljk/speedcardgame/cards/services/inventory.service.go:29.2,29.14 1 1
github.com/Ryanljk/speedcardgame/cards/services/inventory.service.go:33.60,34.18 1 1
github.com/Ryanljk/speedcardgame/cards/services/inventory.service.go:34.18,36.3 1 1
github.com/Ryanljk/speedcardgame/cards/services/inventory.service.go:38.2,39.30 2 1
github.com/Ryanljk/speedcardgame/cards/services/inventory.service.go:39.30,40.15 1 1
github.com/Ryanljk/speedcardgame/cards/services/inventory.service.go:40.15,43.12 3 1
github.com/Ryanljk/speedcardgame/cards/services/inventory.service.go:46.3,47.19 2 1
github.com/Ryanljk/speedcardgame/cards/services/inventory.service.go:47.19,48.16 1 1
github.com/Ryanljk/speedcardgame/cards/services/inventory.service.go:48.16,50.5 1 0
github.com/Ryanljk/speedcardgame/cards/services/inventory.service.go:51.4,52.12 2 1
github.com/Ryanljk/speedcardgame/cards/services/inventory.service.go:55.3,55.21 1 1
github.com/Ryanljk/speedcardgame/cards/services/inventory.service.go:55.21,58.4 2 1
github.com/Ryanljk/speedcardgame/cards/services/inventory.service.go:61.2,61.16 1 1
github.com/Ryanljk/speedcardgame/cards/services/inventory.service.go:76.62,80.85 2 1
github.com/Ryanljk/speedcardgame/cards/services/inventory.service.go:80.85,82.3 1 1
github.com/Ryanljk/speedcardgame/cards/services/inventory.service.go:84.2,90.28 2 1
github.com/Ryanljk/speedcardgame/cards/services/inventory.service.go:90.28,106.3 11 1
github.com/Ryanljk/speedcardgame/cards/services/inventory.service.go:107.2,109.59 2 1
github.com/Ryanljk/speedcardgame/cards/services/inventory.service.go:109.59,112.3 2 1
github.com/Ryanljk/speedcardgame/cards/services/inventory.service.go:114.2,114.51 1 1
github.com/Ryanljk/speedcardgame/cards/services/inventory.service.go:126.62,130.59 2 1
github.com/Ryanljk/speedcardgame/cards/services/inventory.service.go:130.59,133.3 2 1
github.com/Ryanljk/speedcardgame/cards/services/inventory.service.go:135.2,135.29 1 1
github.com/Ryanljk/speedcardgame/cards/services/inventory.service.go:135.29,136.52 1 1
github.com/Ryanljk/speedcardgame/cards/services/inventory.service.go:136.52,138.4 1 1
github.com/Ryanljk/speedcardgame/cards/services/inventory.service.go:142.2,142.53 1 1
github.com/Ryanljk/speedcardgame/cards/services/inventory.service.go:156.67,158.20 2 1
github.com/Ryanljk/speedcardgame/cards/services/inventory.service.go:158.20,161.3 2 1
github.com/Ryanljk/speedcardgame/cards/services/inventory.service.go:162.2,163.85 2 1
github.com/Ryanljk/speedcardgame/cards/services/inventory.service.go:163.85,166.3 2 1
github.com/Ryanljk/speedcardgame/cards/services/inventory.service.go:168.2,168.46 1 1
github.com/Ryanljk/speedcardgame/cards/services/inventory.service.go:168.46,169.58 1 1
github.com/Ryanljk/speedcardgame/cards/services/inventory.service.go:169.58,172.4 2 0
github.com/Ryanljk/speedcardgame/cards/services/inventory.service.go:176.2,176.51 1 1
github.com/Ryanljk/speedcardgame/cards/services/inventory.service.go:190.62,194.80 2 1
github.com/Ryanljk/speedcardgame/cards/services/inventory.service.go:194.80,196.3 1 1
github.com/Ryanljk/speedcardgame/cards/services/inventory.service.go:199.2,203.80 4 1
github.com/Ryanljk/speedcardgame/cards/services/inventory.service.go:203.80,206.3 2 1
github.com/Ryanljk/speedcardgame/cards/services/inventory.service.go:209.2,209.28 1 1
github.com/Ryanljk/speedcardgame/cards/services/inventory.service.go:209.28,211.3 1 1
github.com/Ryanljk/speedcardgame/cards/services/inventory.service.go:212.2,212.30 1 1
github.com/Ryanljk/speedcardgame/cards/services/inventory.service.go:212.30,213.27 1 1
github.com/Ryanljk/speedcardgame/cards/services/inventory.service.go:213.27,214.12 1 1
github.com/Ryanljk/speedcardgame/cards/services/inventory.service.go:216.3,218.19 3 1
github.com/Ryanljk/speedcardgame/cards/services/inventory.service.go:218.19,220.12 2 1
github.com/Ryanljk/speedcardgame/cards/services/inventory.service.go:222.3,222.33 1 1
github.com/Ryanljk/speedcardgame/cards/services/inventory.service.go:225.2,228.57 2 1
github.com/Ryanljk/speedcardgame/cards/services/inventory.service.go:228.57,231.3 2 0
github.com/Ryanljk/speedcardgame/cards/services/inventory.service.go:234.2,234.51 1 1
github.com/Ryanljk/speedcardgame/cards/services/inventory.service.go:248.67,252.80 2 1
github.com/Ryanljk/speedcardgame/cards/services/inventory.service.go:252.80,254.3 1 1
github.com/Ryanljk/speedcardgame/cards/services/inventory.service.go:256.2,259.80 4 1
github.com/Ryanljk/speedcardgame/cards/services/inventory.service.go:259.80,262.3 2 1
github.com/Ryanljk/speedcardgame/cards/services/inventory.service.go:263.2,266.57 2 1
github.com/Ryanljk/speedcardgame/cards/services/inventory.service.go:266.57,269.3 2 1
github.com/Ryanljk/speedcardgame/cards/services/inventory.service.go:271.2,271.51 1 1
github.com/Ryanljk/speedcardgame/cards/services/inventory.service.go:285.64,289.80 2 1
github.com/Ryanljk/speedcardgame/cards/services/inventory.service.go:289.80,291.3 1 1
github.com/Ryanljk/speedcardgame/cards/services/inventory.service.go:293.2,296.80 4 1
github.com/Ryanljk/speedcardgame/cards/services/inventory.service.go:296.80,299.3 2 1
github.com/Ryanljk/speedcardgame/cards/services/inventory.service.go:300.2,303.57 2 1
github.com/Ryanljk/speedcardgame/cards/services/inventory.service.go:303.57,306.3 2 1
github.com/Ryanljk/speedcardgame/cards/services/inventory.service.go:308.2,308.51 1 1
github.com/Ryanljk/speedcardgame/cards/services/payments.service.go:39.40,41.16 2 0
github.com/Ryanljk/speedcardgame/cards/services/payments.service.go:41.16,44.3 2 0
github.com/Ryanljk/speedcardgame/cards/services/payments.service.go:46.2,47.12 2 0
github.com/Ryanljk/speedcardgame/cards/services/payments.service.go:51.55,53.2 1 1
github.com/Ryanljk/speedcardgame/cards/services/payments.service.go:55.63,57.2 1 1
github.com/Ryanljk/speedcardgame/cards/services/payments.service.go:59.72,60.26 1 1
github.com/Ryanljk/speedcardgame/cards/services/payments.service.go:60.26,63.3 2 1
github.com/Ryanljk/speedcardgame/cards/services/payments.service.go:65.2,66.61 2 1
github.com/Ryanljk/speedcardgame/cards/services/payments.service.go:66.61,69.3 2 1
github.com/Ryanljk/speedcardgame/cards/services/payments.service.go:71.2,71.18 1 1
github.com/Ryanljk/speedcardgame/cards/services/payments.service.go:71.18,74.3 2 1
github.com/Ryanljk/speedcardgame/cards/services/payments.service.go:76.2,77.9 2 1
github.com/Ryanljk/speedcardgame/cards/services/payments.service.go:77.9,80.3 2 1
github.com/Ryanljk/speedcardgame/cards/services/payments.service.go:82.2,83.22 2 1
github.com/Ryanljk/speedcardgame/cards/services/payments.service.go:83.22,85.3 1 0
github.com/Ryanljk/speedcardgame/cards/services/payments.service.go:86.2,87.21 2 1
github.com/Ryanljk/speedcardgame/cards/services/payments.service.go:87.21,89.3 1 0
github.com/Ryanljk/speedcardgame/cards/services/payments.service.go:91.2,91.41 1 1
github.com/Ryanljk/speedcardgame/cards/services/payments.service.go:91.41,94.3 2 0
github.com/Ryanljk/speedcardgame/cards/services/payments.service.go:96.2,102.16 2 1
github.com/Ryanljk/speedcardgame/cards/services/payments.service.go:102.16,105.3 2 1
github.com/Ryanljk/speedcardgame/cards/services/payments.service.go:107.2,107.44 1 1
github.com/Ryanljk/speedcardgame/cards/services/payments.service.go:110.73,112.47 2 1
github.com/Ryanljk/speedcardgame/cards/services/payments.service.go:112.47,114.3 1 1
github.com/Ryanljk/speedcardgame/cards/services/payments.service.go:116.2,117.25 2 1
github.com/Ryanljk/speedcardgame/cards/services/payments.service.go:117.25,119.3 1 1
github.com/Ryanljk/speedcardgame/cards/services/payments.service.go:119.8,119.31 1 1
github.com/Ryanljk/speedcardgame/cards/services/payments.service.go:119.31,121.3 1 1
github.com/Ryanljk/speedcardgame/cards/services/payments.service.go:123.2,145.19 2 1
github.com/Ryanljk/speedcardgame/cards/services/payments.service.go:148.65,149.61 1 1
github.com/Ryanljk/speedcardgame/cards/services/payments.service.go:149.61,152.3 2 1
github.com/Ryanljk/speedcardgame/cards/services/payments.service.go:154.2,154.26 1 1
github.com/Ryanljk/speedcardgame/cards/services/payments.service.go:154.26,157.3 2 1
github.com/Ryanljk/speedcardgame/cards/services/payments.service.go:159.2,160.61 2 1
github.com/Ryanljk/speedcardgame/cards/services/payments.service.go:160.61,163.3 2 1
github.com/Ryanljk/speedcardgame/cards/services/payments.service.go:165.2,165.110 1 1
github.com/Ryanljk/speedcardgame/cards/services/payments.service.go:165.110,168.3 2 1
github.com/Ryanljk/speedcardgame/cards/services/payments.service.go:170.2,171.9 2 1
github.com/Ryanljk/speedcardgame/cards/services/payments.service.go:171.9,174.3 2 1
github.com/Ryanljk/speedcardgame/cards/services/payments.service.go:176.2,185.16 2 1
github.com/Ryanljk/speedcardgame/cards/services/payments.service.go:185.16,188.3 2 1
github.com/Ryanljk/speedcardgame/cards/services/payments.service.go:190.2,190.22 1 1
github.com/Ryanljk/speedcardgame/cards/services/payments.service.go:190.22,193.3 2 1
github.com/Ryanljk/speedcardgame/cards/services/payments.service.go:195.2,195.148 1 0
github.com/Ryanljk/speedcardgame/cards/services/payments.service.go:195.148,198.3 2 0
github.com/Ryanljk/speedcardgame/cards/services/payments.service.go:200.2,203.4 1 0
github.com/Ryanljk/speedcardgame/cards/services/payments.service.go:206.67,207.26 1 1
github.com/Ryanljk/speedcardgame/cards/services/payments.service.go:207.26,210.3 2 1
github.com/Ryanljk/speedcardgame/cards/services/payments.service.go:212.2,213.16 2 1
github.com/Ryanljk/speedcardgame/cards/services/payments.service.go:213.16,216.3 2 0
github.com/Ryanljk/speedcardgame/cards/services/payments.service.go:218.2,219.16 2 1
github.com/Ryanljk/speedcardgame/cards/services/payments.service.go:219.16,222.3 2 1
github.com/Ryanljk/speedcardgame/cards/services/payments.service.go:224.2,224.30 1 1
github.com/Ryanljk/speedcardgame/cards/services/payments.service.go:224.30,227.3 2 1
github.com/Ryanljk/speedcardgame/cards/services/payments.service.go:229.2,229.26 1 1
github.com/Ryanljk/speedcardgame/cards/services/payments.service.go:229.26,232.3 2 1
github.com/Ryanljk/speedcardgame/cards/services/payments.service.go:234.2,235.19 2 1
github.com/Ryanljk/speedcardgame/cards/services/payments.service.go:235.19,238.3 2 1
github.com/Ryanljk/speedcardgame/cards/services/payments.service.go:240.2,244.55 4 1
github.com/Ryanljk/speedcardgame/cards/services/payments.service.go:244.55,247.3 2 1
github.com/Ryanljk/speedcardgame/cards/services/payments.service.go:249.2,250.16 2 1
github.com/Ryanljk/speedcardgame/cards/services/payments.service.go:250.16,253.3 2 1
github.com/Ryanljk/speedcardgame/cards/services/payments.service.go:255.2,256.16 2 1
github.com/Ryanljk/speedcardgame/cards/services/payments.service.go:256.16,259.3 2 1
github.com/Ryanljk/speedcardgame/cards/services/payments.service.go:261.2,262.9 2 1
github.com/Ryanljk/speedcardgame/cards/services/payments.service.go:262.9,265.3 2 1
github.com/Ryanljk/speedcardgame/cards/services/payments.service.go:267.2,267.131 1 1
github.com/Ryanljk/speedcardgame/cards/services/payments.service.go:267.131,270.3 2 0
github.com/Ryanljk/speedcardgame/cards/services/payments.service.go:272.2,272.78 1 1
github.com/Ryanljk/speedcardgame/cards/services/payments.service.go:276.66,278.2 1 0
github.com/Ryanljk/speedcardgame/cards/services/payments.service.go:280.71,281.26 1 1
github.com/Ryanljk/speedcardgame/cards/services/payments.service.go:281.26,284.3 2 1
github.com/Ryanljk/speedcardgame/cards/services/payments.service.go:286.2,287.21 2 1
github.com/Ryanljk/speedcardgame/cards/services/payments.service.go:287.21,290.3 2 1
github.com/Ryanljk/speedcardgame/cards/services/payments.service.go:292.2,293.16 2 1
github.com/Ryanljk/speedcardgame/cards/services/payments.service.go:293.16,296.3 2 1
github.com/Ryanljk/speedcardgame/cards/services/payments.service.go:298.2,298.19 1 1
github.com/Ryanljk/speedcardgame/cards/services/payments.service.go:298.19,304.3 2 1
github.com/Ryanljk/speedcardgame/cards/services/payments.service.go:306.2,310.55 4 1
github.com/Ryanljk/speedcardgame/cards/services/payments.service.go:310.55,313.3 2 1
github.com/Ryanljk/speedcardgame/cards/services/payments.service.go:315.2,316.16 2 1
github.com/Ryanljk/speedcardgame/cards/services/payments.service.go:316.16,319.3 2 1
github.com/Ryanljk/speedcardgame/cards/services/payments.service.go:321.2,322.16 2 1
github.com/Ryanljk/speedcardgame/cards/services/payments.service.go:322.16,325.3 2 1
github.com/Ryanljk/speedcardgame/cards/services/payments.service.go:327.2,328.9 2 1
github.com/Ryanljk/speedcardgame/cards/services/payments.service.go:328.9,331.3 2 1
github.com/Ryanljk/speedcardgame/cards/services/payments.service.go:333.2,333.131 1 0
github.com/Ryanljk/speedcardgame/cards/services/payments.service.go:333.131,336.3 2 0
github.com/Ryanljk/speedcardgame/cards/services/payments.service.go:338.2,342.4 1 0
github.com/Ryanljk/speedcardgame/cards/services/payments.service.go:345.109,346.55 1 1
github.com/Ryanljk/speedcardgame/cards/services/payments.service.go:346.55,356.50 2 1
github.com/Ryanljk/speedcardgame/cards/services/payments.service.go:356.50,357.36 1 1
github.com/Ryanljk/speedcardgame/cards/services/payments.service.go:357.36,359.5 1 1
github.com/Ryanljk/speedcardgame/cards/services/payments.service.go:360.4,360.65 1 0
github.com/Ryanljk/speedcardgame/cards/services/payments.service.go:363.3,369.43 2 1
github.com/Ryanljk/speedcardgame/cards/services/payments.service.go:369.43,371.4 1 0
github.com/Ryanljk/speedcardgame/cards/services/payments.service.go:373.3,373.13 1 1
github.com/Ryanljk/speedcardgame/cards/services/payments.service.go:377.46,378.16 1 1
github.com/Ryanljk/speedcardgame/cards/services/payments.service.go:378.16,380.3 1 0
github.com/Ryanljk/speedcardgame/cards/services/payments.service.go:382.2,383.107 2 1
github.com/Ryanljk/speedcardgame/cards/services/payments.service.go:383.107,385.3 1 0
github.com/Ryanljk/speedcardgame/cards/services/payments.service.go:387.2,387.111 1 1
